{"synthetic": false,
 "schemaVersion": "2025-09-10",
 "outputs":
 {"o": ["9601325a19d43cb7.olean"],
  "i": "ced6eeef98d02136.ilean",
  "c": "29fe85ff12ce6bbd.c"},
 "log":
 [{"message":
   ".> LEAN_PATH=/Users/kieranmcshane/kieranmcshane.github.io/proofs/.lake/packages/Cli/.lake/build/lib/lean:/Users/kieranmcshane/kieranmcshane.github.io/proofs/.lake/packages/batteries/.lake/build/lib/lean:/Users/kieranmcshane/kieranmcshane.github.io/proofs/.lake/packages/Qq/.lake/build/lib/lean:/Users/kieranmcshane/kieranmcshane.github.io/proofs/.lake/packages/aesop/.lake/build/lib/lean:/Users/kieranmcshane/kieranmcshane.github.io/proofs/.lake/packages/proofwidgets/.lake/build/lib/lean:/Users/kieranmcshane/kieranmcshane.github.io/proofs/.lake/packages/importGraph/.lake/build/lib/lean:/Users/kieranmcshane/kieranmcshane.github.io/proofs/.lake/packages/LeanSearchClient/.lake/build/lib/lean:/Users/kieranmcshane/kieranmcshane.github.io/proofs/.lake/packages/plausible/.lake/build/lib/lean:/Users/kieranmcshane/kieranmcshane.github.io/proofs/.lake/packages/mathlib/.lake/build/lib/lean:/Users/kieranmcshane/kieranmcshane.github.io/proofs/.lake/build/lib/lean /Users/kieranmcshane/.elan/toolchains/leanprover--lean4---v4.28.0/bin/lean /Users/kieranmcshane/kieranmcshane.github.io/proofs/Proofs/CenteredCorrelationLearn.lean -o /Users/kieranmcshane/kieranmcshane.github.io/proofs/.lake/build/lib/lean/Proofs/CenteredCorrelationLearn.olean -i /Users/kieranmcshane/kieranmcshane.github.io/proofs/.lake/build/lib/lean/Proofs/CenteredCorrelationLearn.ilean -c /Users/kieranmcshane/kieranmcshane.github.io/proofs/.lake/build/ir/Proofs/CenteredCorrelationLearn.c --setup /Users/kieranmcshane/kieranmcshane.github.io/proofs/.lake/build/ir/Proofs/CenteredCorrelationLearn.setup.json --json",
   "level": "trace"}],
 "inputs":
 [["Proofs.CenteredCorrelationLearn:deps",
   [["deps",
     [["article_learning_proofs/Proofs:extraDep",
       [["@article_learning_proofs:extraDep", "00000000000006bb"]]],
      ["imports",
       [["Mathlib transitive imports (legacy)", "8fd896a9b3011bd6"],
        ["Mathlib:importAllArts", "8fc2a9ec06d95bdc"]]]]],
    ["libs",
     [["import dynlibs", "00000000000006bb"],
      ["package external libraries", "00000000000006bb"],
      ["module dynlibs", "00000000000006bb"],
      ["module plugins", "00000000000006bb"]]]]],
  ["Lean 4.28.0, commit 7e01a1bf5c70fc6167d49c345d3bf80596e9a79b",
   "a96bc04a2e5e9630"],
  ["/Users/kieranmcshane/kieranmcshane.github.io/proofs/Proofs/CenteredCorrelationLearn.lean",
   "316136c94f94abd4"],
  ["options", [["-DrelaxedAutoImplicit=false", "74a2b5546b55be80"]]],
  ["Module.leanArgs: #[]", "00000000000006bb"]],
 "depHash": "cd8e909cfbbebd7e"}